2023-06-28T06:55:46+00:00 CRITICAL Uncaught Error: Object of class WP_Post could not be converted to string in C:\xampp\htdocs\vimal-oil-wordpress\wp-content\themes\vimal-oil\template\oil-calendar.php:65
Stack trace:
#0 C:\xampp\htdocs\vimal-oil-wordpress\wp-includes\template-loader.php(106): include()
#1 C:\xampp\htdocs\vimal-oil-wordpress\wp-blog-header.php(19): require_once('C:\\xampp\\htdocs...')
#2 C:\xampp\htdocs\vimal-oil-wordpress\index.php(17): require('C:\\xampp\\htdocs...')
#3 {main}
  thrown in C:\xampp\htdocs\vimal-oil-wordpress\wp-content\themes\vimal-oil\template\oil-calendar.php on line 65

2023-06-28T06:56:16+00:00 CRITICAL Uncaught Error: Object of class WP_Post could not be converted to string in C:\xampp\htdocs\vimal-oil-wordpress\wp-content\themes\vimal-oil\template\oil-calendar.php:65
Stack trace:
#0 C:\xampp\htdocs\vimal-oil-wordpress\wp-includes\template-loader.php(106): include()
#1 C:\xampp\htdocs\vimal-oil-wordpress\wp-blog-header.php(19): require_once('C:\\xampp\\htdocs...')
#2 C:\xampp\htdocs\vimal-oil-wordpress\index.php(17): require('C:\\xampp\\htdocs...')
#3 {main}
  thrown in C:\xampp\htdocs\vimal-oil-wordpress\wp-content\themes\vimal-oil\template\oil-calendar.php on line 65

2023-06-28T07:06:20+00:00 CRITICAL Uncaught Error: Call to a member function get_id() on null in C:\xampp\htdocs\vimal-oil-wordpress\wp-content\themes\vimal-oil\template\oil-calendar.php:78
Stack trace:
#0 C:\xampp\htdocs\vimal-oil-wordpress\wp-includes\template-loader.php(106): include()
#1 C:\xampp\htdocs\vimal-oil-wordpress\wp-blog-header.php(19): require_once('C:\\xampp\\htdocs...')
#2 C:\xampp\htdocs\vimal-oil-wordpress\index.php(17): require('C:\\xampp\\htdocs...')
#3 {main}
  thrown in C:\xampp\htdocs\vimal-oil-wordpress\wp-content\themes\vimal-oil\template\oil-calendar.php on line 78

2023-06-28T07:23:14+00:00 CRITICAL Uncaught Error: Call to undefined method WP_Post::the_title() in C:\xampp\htdocs\vimal-oil-wordpress\wp-content\themes\vimal-oil\template\oil-calendar.php:70
Stack trace:
#0 C:\xampp\htdocs\vimal-oil-wordpress\wp-includes\template-loader.php(106): include()
#1 C:\xampp\htdocs\vimal-oil-wordpress\wp-blog-header.php(19): require_once('C:\\xampp\\htdocs...')
#2 C:\xampp\htdocs\vimal-oil-wordpress\index.php(17): require('C:\\xampp\\htdocs...')
#3 {main}
  thrown in C:\xampp\htdocs\vimal-oil-wordpress\wp-content\themes\vimal-oil\template\oil-calendar.php on line 70

